# JRE version: OpenJDK Runtime Environment (8.0_242-b01) (build 1.8.0_242-release-1644-b01)
# Java VM: OpenJDK 64-Bit Server VM (25.242-b01 mixed mode windows-amd64 compressed oops)
Heap:
 PSYoungGen      total 406528K, used 346554K [0x00000000d5580000, 0x00000000f3e00000, 0x0000000100000000)
  eden space 335872K, 88% used [0x00000000d5580000,0x00000000e785b398,0x00000000e9d80000)
  from space 70656K, 68% used [0x00000000e9d80000,0x00000000ecd13490,0x00000000ee280000)
  to   space 74752K, 0% used [0x00000000ef500000,0x00000000ef500000,0x00000000f3e00000)
 ParOldGen       total 291328K, used 76151K [0x0000000080000000, 0x0000000091c80000, 0x00000000d5580000)
  object space 291328K, 26% used [0x0000000080000000,0x0000000084a5dc70,0x0000000091c80000)
 Metaspace       used 100047K, capacity 107589K, committed 107816K, reserved 1142784K
  class space    used 12801K, capacity 14058K, committed 14128K, reserved 1048576K
GC Heap History (10 events):
Event: 6208.199 GC heap before
{Heap before GC invocations=29 (full 4):
 PSYoungGen      total 353792K, used 324256K [0x00000000d5580000, 0x00000000eda00000, 0x0000000100000000)
  eden space 315904K, 100% used [0x00000000d5580000,0x00000000e8a00000,0x00000000e8a00000)
  from space 37888K, 22% used [0x00000000eb500000,0x00000000ebd28080,0x00000000eda00000)
  to   space 40960K, 0% used [0x00000000e8a00000,0x00000000e8a00000,0x00000000eb200000)
 ParOldGen       total 291328K, used 40563K [0x0000000080000000, 0x0000000091c80000, 0x00000000d5580000)
  object space 291328K, 13% used [0x0000000080000000,0x000000008279cde0,0x0000000091c80000)
 Metaspace       used 95547K, capacity 102798K, committed 103080K, reserved 1138688K
  class space    used 12415K, capacity 13618K, committed 13744K, reserved 1048576K
Event: 6208.257 GC heap after
Heap after GC invocations=29 (full 4):
 PSYoungGen      total 356864K, used 40946K [0x00000000d5580000, 0x00000000eef80000, 0x0000000100000000)
  eden space 315904K, 0% used [0x00000000d5580000,0x00000000d5580000,0x00000000e8a00000)
  from space 40960K, 99% used [0x00000000e8a00000,0x00000000eb1fcbf0,0x00000000eb200000)
  to   space 50176K, 0% used [0x00000000ebe80000,0x00000000ebe80000,0x00000000eef80000)
 ParOldGen       total 291328K, used 46694K [0x0000000080000000, 0x0000000091c80000, 0x00000000d5580000)
  object space 291328K, 16% used [0x0000000080000000,0x0000000082d99ac0,0x0000000091c80000)
 Metaspace       used 95547K, capacity 102798K, committed 103080K, reserved 1138688K
  class space    used 12415K, capacity 13618K, committed 13744K, reserved 1048576K
}
Event: 7955.592 GC heap before
{Heap before GC invocations=30 (full 4):
 PSYoungGen      total 356864K, used 356850K [0x00000000d5580000, 0x00000000eef80000, 0x0000000100000000)
  eden space 315904K, 100% used [0x00000000d5580000,0x00000000e8a00000,0x00000000e8a00000)
  from space 40960K, 99% used [0x00000000e8a00000,0x00000000eb1fcbf0,0x00000000eb200000)
  to   space 50176K, 0% used [0x00000000ebe80000,0x00000000ebe80000,0x00000000eef80000)
 ParOldGen       total 291328K, used 46694K [0x0000000080000000, 0x0000000091c80000, 0x00000000d5580000)
  object space 291328K, 16% used [0x0000000080000000,0x0000000082d99ac0,0x0000000091c80000)
 Metaspace       used 95646K, capacity 102900K, committed 103080K, reserved 1138688K
  class space    used 12424K, capacity 13635K, committed 13744K, reserved 1048576K
Event: 7955.615 GC heap after
Heap after GC invocations=30 (full 4):
 PSYoungGen      total 368640K, used 30127K [0x00000000d5580000, 0x00000000ef080000, 0x0000000100000000)
  eden space 318464K, 0% used [0x00000000d5580000,0x00000000d5580000,0x00000000e8c80000)
  from space 50176K, 60% used [0x00000000ebe80000,0x00000000edbebe50,0x00000000eef80000)
  to   space 51200K, 0% used [0x00000000e8c80000,0x00000000e8c80000,0x00000000ebe80000)
 ParOldGen       total 291328K, used 46694K [0x0000000080000000, 0x0000000091c80000, 0x00000000d5580000)
  object space 291328K, 16% used [0x0000000080000000,0x0000000082d99ac0,0x0000000091c80000)
 Metaspace       used 95646K, capacity 102900K, committed 103080K, reserved 1138688K
  class space    used 12424K, capacity 13635K, committed 13744K, reserved 1048576K
}
Event: 7957.640 GC heap before
{Heap before GC invocations=31 (full 4):
 PSYoungGen      total 368640K, used 348591K [0x00000000d5580000, 0x00000000ef080000, 0x0000000100000000)
  eden space 318464K, 100% used [0x00000000d5580000,0x00000000e8c80000,0x00000000e8c80000)
  from space 50176K, 60% used [0x00000000ebe80000,0x00000000edbebe50,0x00000000eef80000)
  to   space 51200K, 0% used [0x00000000e8c80000,0x00000000e8c80000,0x00000000ebe80000)
 ParOldGen       total 291328K, used 46694K [0x0000000080000000, 0x0000000091c80000, 0x00000000d5580000)
  object space 291328K, 16% used [0x0000000080000000,0x0000000082d99ac0,0x0000000091c80000)
 Metaspace       used 96587K, capacity 103942K, committed 104104K, reserved 1140736K
  class space    used 12492K, capacity 13710K, committed 13744K, reserved 1048576K
Event: 7957.687 GC heap after
Heap after GC invocations=31 (full 4):
 PSYoungGen      total 369664K, used 51175K [0x00000000d5580000, 0x00000000f2b80000, 0x0000000100000000)
  eden space 318464K, 0% used [0x00000000d5580000,0x00000000d5580000,0x00000000e8c80000)
  from space 51200K, 99% used [0x00000000e8c80000,0x00000000ebe79d08,0x00000000ebe80000)
  to   space 71168K, 0% used [0x00000000ee600000,0x00000000ee600000,0x00000000f2b80000)
 ParOldGen       total 291328K, used 76073K [0x0000000080000000, 0x0000000091c80000, 0x00000000d5580000)
  object space 291328K, 26% used [0x0000000080000000,0x0000000084a4a7e8,0x0000000091c80000)
 Metaspace       used 96587K, capacity 103942K, committed 104104K, reserved 1140736K
  class space    used 12492K, capacity 13710K, committed 13744K, reserved 1048576K
}
Event: 7989.888 GC heap before
{Heap before GC invocations=32 (full 4):
 PSYoungGen      total 369664K, used 369639K [0x00000000d5580000, 0x00000000f2b80000, 0x0000000100000000)
  eden space 318464K, 100% used [0x00000000d5580000,0x00000000e8c80000,0x00000000e8c80000)
  from space 51200K, 99% used [0x00000000e8c80000,0x00000000ebe79d08,0x00000000ebe80000)
  to   space 71168K, 0% used [0x00000000ee600000,0x00000000ee600000,0x00000000f2b80000)
 ParOldGen       total 291328K, used 76073K [0x0000000080000000, 0x0000000091c80000, 0x00000000d5580000)
  object space 291328K, 26% used [0x0000000080000000,0x0000000084a4a7e8,0x0000000091c80000)
 Metaspace       used 96722K, capacity 104084K, committed 104360K, reserved 1140736K
  class space    used 12493K, capacity 13711K, committed 13744K, reserved 1048576K
Event: 7989.940 GC heap after
Heap after GC invocations=32 (full 4):
 PSYoungGen      total 402944K, used 37089K [0x00000000d5580000, 0x00000000f2780000, 0x0000000100000000)
  eden space 335872K, 0% used [0x00000000d5580000,0x00000000d5580000,0x00000000e9d80000)
  from space 67072K, 55% used [0x00000000ee600000,0x00000000f0a38468,0x00000000f2780000)
  to   space 70656K, 0% used [0x00000000e9d80000,0x00000000e9d80000,0x00000000ee280000)
 ParOldGen       total 291328K, used 76081K [0x0000000080000000, 0x0000000091c80000, 0x00000000d5580000)
  object space 291328K, 26% used [0x0000000080000000,0x0000000084a4c7e8,0x0000000091c80000)
 Metaspace       used 96722K, capacity 104084K, committed 104360K, reserved 1140736K
  class space    used 12493K, capacity 13711K, committed 13744K, reserved 1048576K
}
Event: 8050.082 GC heap before
{Heap before GC invocations=33 (full 4):
 PSYoungGen      total 402944K, used 372961K [0x00000000d5580000, 0x00000000f2780000, 0x0000000100000000)
  eden space 335872K, 100% used [0x00000000d5580000,0x00000000e9d80000,0x00000000e9d80000)
  from space 67072K, 55% used [0x00000000ee600000,0x00000000f0a38468,0x00000000f2780000)
  to   space 70656K, 0% used [0x00000000e9d80000,0x00000000e9d80000,0x00000000ee280000)
 ParOldGen       total 291328K, used 76143K [0x0000000080000000, 0x0000000091c80000, 0x00000000d5580000)
  object space 291328K, 26% used [0x0000000080000000,0x0000000084a5bc70,0x0000000091c80000)
 Metaspace       used 99578K, capacity 107068K, committed 107176K, reserved 1142784K
  class space    used 12771K, capacity 13991K, committed 14000K, reserved 1048576K
Event: 8050.140 GC heap after
Heap after GC invocations=33 (full 4):
 PSYoungGen      total 406528K, used 48717K [0x00000000d5580000, 0x00000000f3e00000, 0x0000000100000000)
  eden space 335872K, 0% used [0x00000000d5580000,0x00000000d5580000,0x00000000e9d80000)
  from space 70656K, 68% used [0x00000000e9d80000,0x00000000ecd13490,0x00000000ee280000)
  to   space 74752K, 0% used [0x00000000ef500000,0x00000000ef500000,0x00000000f3e00000)
 ParOldGen       total 291328K, used 76151K [0x0000000080000000, 0x0000000091c80000, 0x00000000d5580000)
  object space 291328K, 26% used [0x0000000080000000,0x0000000084a5dc70,0x0000000091c80000)
 Metaspace       used 99578K, capacity 107068K, committed 107176K, reserved 1142784K
  class space    used 12771K, capacity 13991K, committed 14000K, reserved 1048576K
}

